<?xml version="1.0" encoding="UTF-8"?>
<!-- Generated by org.testng.reporters.JUnitXMLReporter -->
<testsuite hostname="svenkat" name="UMPTestOne" tests="2" failures="0" timestamp="17 Nov 2012 15:46:07 GMT" time="0.003" errors="0">
  <testcase name="@BeforeSuite startWebdriverSession" time="0.0" classname="FoodScripts.TestFoodCreate">
    <failure type="org.openqa.selenium.NoSuchWindowException" message="findElement execution failed;
 The window could not be found (WARNING: The server did not provide any stacktrace information)
Command duration or timeout: 946 milliseconds
Build info: version: &amp;apos;2.24.1&amp;apos;, revision: &amp;apos;17205&amp;apos;, time: &amp;apos;2012-06-19 15:28:49&amp;apos;
System info: os.name: &amp;apos;Windows Vista&amp;apos;, os.arch: &amp;apos;x86&amp;apos;, os.version: &amp;apos;6.0&amp;apos;, java.version: &amp;apos;1.7.0_07&amp;apos;
Driver info: driver.version: RemoteWebDriver
Session ID: bbc6ec80ab7dc90efcb78181abed4e0b">
      <![CDATA[org.openqa.selenium.NoSuchWindowException: findElement execution failed;
 The window could not be found (WARNING: The server did not provide any stacktrace information)
Command duration or timeout: 946 milliseconds
Build info: version: '2.24.1', revision: '17205', time: '2012-06-19 15:28:49'
System info: os.name: 'Windows Vista', os.arch: 'x86', os.version: '6.0', java.version: '1.7.0_07'
Driver info: driver.version: RemoteWebDriver
Session ID: bbc6ec80ab7dc90efcb78181abed4e0b
	at org.openqa.selenium.remote.ErrorHandler.createThrowable(ErrorHandler.java:188)
	at org.openqa.selenium.remote.ErrorHandler.throwIfResponseFailed(ErrorHandler.java:145)
	at org.openqa.selenium.remote.RemoteWebDriver.execute(RemoteWebDriver.java:472)
	at org.openqa.selenium.remote.RemoteWebDriver.findElement(RemoteWebDriver.java:242)
	at org.openqa.selenium.remote.RemoteWebDriver.findElementByCssSelector(RemoteWebDriver.java:319)
	at org.openqa.selenium.By$ByCssSelector.findElement(By.java:405)
	at org.openqa.selenium.remote.RemoteWebDriver.findElement(RemoteWebDriver.java:234)
	at Base.BaseClass.startSession(BaseClass.java:105)
	at FoodScripts.TestFoodCreate.startWebdriverSession(TestFoodCreate.java:53)
	at Base.Call.testTestNGProgramatically(Call.java:35)
... Removed 43 stack frames]]>
    </failure>
  </testcase> <!-- @BeforeSuite startWebdriverSession -->
  <testcase name="@BeforeMethod incrementRow" time="0.0" classname="FoodScripts.TestFoodCreate">
    <skipped/>
  </testcase> <!-- @BeforeMethod incrementRow -->
  <testcase name="@AfterMethod stopWebdriverSession" time="0.0" classname="FoodScripts.TestFoodCreate">
    <skipped/>
  </testcase> <!-- @AfterMethod stopWebdriverSession -->
  <testcase name="@BeforeMethod incrementRow" time="0.0" classname="FoodScripts.TestFoodCreate">
    <skipped/>
  </testcase> <!-- @BeforeMethod incrementRow -->
  <testcase name="@AfterMethod stopWebdriverSession" time="0.0" classname="FoodScripts.TestFoodCreate">
    <skipped/>
  </testcase> <!-- @AfterMethod stopWebdriverSession -->
  <testcase name="testCreateFood" time="0.0" classname="FoodScripts.TestFoodCreate">
    <skipped/>
  </testcase> <!-- testCreateFood -->
  <testcase name="testCreateFood" time="0.0" classname="FoodScripts.TestFoodCreate">
    <skipped/>
  </testcase> <!-- testCreateFood -->
</testsuite> <!-- UMPTestOne -->
