<?xml version="1.0" encoding="UTF-8"?>
<!-- Generated by org.testng.reporters.JUnitXMLReporter -->
<testsuite hostname="svenkat" name="Command line test" tests="3" failures="2" timestamp="16 Nov 2012 19:21:33 GMT" time="93.15" errors="0">
  <testcase name="testCreateFood" time="20.467" classname="FoodScripts.TestFoodCreate">
    <failure type="java.lang.AssertionError" message="&amp;apos;Food Submitted for Approval&amp;apos; message has not been shown after clicking the Approval button expected [true[ but found ]false]">
      <![CDATA[java.lang.AssertionError: 'Food Submitted for Approval' message has not been shown after clicking the Approval button expected [true[ but found ]false]
	at FoodScripts.TestFoodCreate.testCreateFood(TestFoodCreate.java:73)
	at Base.Call.testTestNGProgramatically(Call.java:25)
... Removed 49 stack frames]]>
    </failure>
  </testcase> <!-- testCreateFood -->
  <testcase name="testDeducedMeasurementOfPrimaryMeasurementUnitInApprovalScreen" time="64.16" classname="FoodScripts.TestFoodCreate">
    <failure type="org.openqa.selenium.NoSuchElementException" message="The element could not be found (WARNING: The server did not provide any stacktrace information)
Command duration or timeout: 60.20 seconds
For documentation on this error, please visit: http://seleniumhq.org/exceptions/no_such_element.html
Build info: version: &amp;apos;2.24.1&amp;apos;, revision: &amp;apos;17205&amp;apos;, time: &amp;apos;2012-06-19 15:28:49&amp;apos;
System info: os.name: &amp;apos;Windows Vista&amp;apos;, os.arch: &amp;apos;x86&amp;apos;, os.version: &amp;apos;6.0&amp;apos;, java.version: &amp;apos;1.7.0_07&amp;apos;
Driver info: driver.version: RemoteWebDriver
Session ID: 1965a47069b9e9846ce29dcd5faa54bb">
      <![CDATA[org.openqa.selenium.NoSuchElementException: The element could not be found (WARNING: The server did not provide any stacktrace information)
Command duration or timeout: 60.20 seconds
For documentation on this error, please visit: http://seleniumhq.org/exceptions/no_such_element.html
Build info: version: '2.24.1', revision: '17205', time: '2012-06-19 15:28:49'
System info: os.name: 'Windows Vista', os.arch: 'x86', os.version: '6.0', java.version: '1.7.0_07'
Driver info: driver.version: RemoteWebDriver
Session ID: 1965a47069b9e9846ce29dcd5faa54bb
	at org.openqa.selenium.remote.ErrorHandler.createThrowable(ErrorHandler.java:188)
	at org.openqa.selenium.remote.ErrorHandler.throwIfResponseFailed(ErrorHandler.java:145)
	at org.openqa.selenium.remote.RemoteWebDriver.execute(RemoteWebDriver.java:472)
	at org.openqa.selenium.remote.RemoteWebDriver.findElement(RemoteWebDriver.java:242)
	at org.openqa.selenium.remote.RemoteWebDriver.findElementByLinkText(RemoteWebDriver.java:279)
	at org.openqa.selenium.By$ByLinkText.findElement(By.java:240)
	at org.openqa.selenium.remote.RemoteWebDriver.findElement(RemoteWebDriver.java:234)
	at FoodPage.FoodSuperAdmin.searchAndSelectFood(FoodSuperAdmin.java:81)
	at FoodScripts.TestFoodCreate.testDeducedMeasurementOfPrimaryMeasurementUnitInApprovalScreen(TestFoodCreate.java:106)
	at Base.Call.testTestNGProgramatically(Call.java:25)
... Removed 49 stack frames]]>
    </failure>
  </testcase> <!-- testDeducedMeasurementOfPrimaryMeasurementUnitInApprovalScreen -->
  <testcase name="testEditFoodScreen" time="8.522" classname="FoodScripts.TestFoodCreate"/>
</testsuite> <!-- Command line test -->
